make all --print-data-base --no-builtin-variables --no-builtin-rules --question
make: *** No rule to make target 'all'.  Stop.

# GNU Make 4.1
# Built for aarch64-unknown-linux-gnu
# Copyright (C) 1988-2014 Free Software Foundation, Inc.
# License GPLv3+: GNU GPL version 3 or later <http://gnu.org/licenses/gpl.html>
# This is free software: you are free to change and redistribute it.
# There is NO WARRANTY, to the extent permitted by law.

# Make data base, printed on Thu Jun  9 18:53:58 2022

# Variables

# 'override' directive
GNUMAKEFLAGS := 
# automatic
<D = $(patsubst %/,%,$(dir $<))
# automatic
?F = $(notdir $?)
# environment
DESKTOP_SESSION = unity
# default
.SHELLFLAGS := -c
# environment
XDG_SESSION_TYPE = x11
# environment
VSCODE_LOG_NATIVE = false
# automatic
?D = $(patsubst %/,%,$(dir $?))
# automatic
@D = $(patsubst %/,%,$(dir $@))
# environment
XAUTHORITY = /run/user/1000/gdm/Xauthority
# environment
GDMSESSION = unity
# environment
XMODIFIERS = @im=ibus
# makefile
CURDIR := /home/cv/Desktop/Mask-Detection-1
# makefile
SHELL = /bin/sh
# environment
VSCODE_NLS_CONFIG = {"locale":"en-us","availableLanguages":{},"_languagePackSupport":true}
# environment
_ = /usr/share/code/code
# environment
JOURNAL_STREAM = 8:50577
# environment
XDG_CONFIG_DIRS = /etc/xdg/xdg-unity:/etc/xdg
# environment
JETSON_L4T = 32.6.1
# makefile
MAKEFILE_LIST := 
# automatic
@F = $(notdir $@)
# environment
JETSON_VPI = ii libnvvpi1 1.1.15 arm64 NVIDIA Vision Programming Interface library
# environment
GIO_LAUNCHED_DESKTOP_FILE = /usr/share/applications/code.desktop
# environment
USERNAME = cv
# environment
MAKELEVEL := 0
# environment
MANDATORY_PATH = /usr/share/gconf/unity.mandatory.path
# environment
XDG_DATA_DIRS = /usr/share/unity:/usr/local/share/:/usr/share/:/var/lib/snapd/desktop
# environment
DBUS_SESSION_BUS_ADDRESS = unix:path=/run/user/1000/bus
# environment
JETSON_BOARD = P1001-0000
# environment
VSCODE_VERBOSE_LOGGING = true
# environment
JETSON_TYPE = AGX Xavier [16GB]
# environment
UNITY_DEFAULT_PROFILE = unity
# environment
CLUTTER_IM_MODULE = xim
# environment
LESSOPEN = | /usr/bin/lesspipe %s
# environment
LC_NAME = ru_RU.UTF-8
# environment
VSCODE_CWD = /home/cv
# default
MAKE_HOST := aarch64-unknown-linux-gnu
# environment
PATH = /home/cv/.local/bin:/home/cv/.local/bin:/usr/local/sbin:/usr/local/bin:/usr/sbin:/usr/bin:/sbin:/bin:/usr/games:/usr/local/games:/snap/bin
# environment
UNITY_HAS_3D_SUPPORT = true
# environment
JETSON_JETPACK = 4.6
# environment
JETSON_OPENCV = 4.1.1
# environment
GPG_AGENT_INFO = /run/user/1000/gnupg/S.gpg-agent:0:1
# environment
JETSON_VULKAN_INFO = 1.2.70
# environment
SESSION_MANAGER = local/jetson-xavier:@/tmp/.ICE-unix/9106,unix/jetson-xavier:/tmp/.ICE-unix/9106
# environment
XDG_RUNTIME_DIR = /run/user/1000
# environment
SSH_AGENT_LAUNCHER = gnome-keyring
# environment
JETSON_CUDNN = 8.2.1.32
# environment
TEXTDOMAIN = im-config
# environment
JETSON_CHIP_ID = 25
# environment
XDG_MENU_PREFIX = gnome-
# environment
VSCODE_LOG_STACK = false
# environment
ELECTRON_RUN_AS_NODE = 1
# environment
INVOCATION_ID = c82933b08d3b4f999f999c5a18382638
# default
.FEATURES := target-specific order-only second-expansion else-if shortest-stem undefine oneshell archives jobserver output-sync check-symlink load
# environment
LS_COLORS = 
# environment
XDG_SESSION_DESKTOP = unity
# environment
SSH_AUTH_SOCK = /run/user/1000/keyring/ssh
# environment
GIO_LAUNCHED_DESKTOP_FILE_PID = 9662
# environment
JETSON_SOC = tegra194
# environment
DISPLAY = :1
# environment
JETSON_CUDA = 10.2.300
# environment
GTK_IM_MODULE = ibus
# environment
GNOME_SESSION_XDG_SESSION_PATH = 
# environment
PWD = /home/cv/Desktop/Mask-Detection-1
# environment
JETSON_L4T_REVISION = 6.1
# environment
ORIGINAL_XDG_CURRENT_DESKTOP = Unity:Unity7:ubuntu
# environment
GTK_MODULES = gail:atk-bridge:unity-gtk-module
# environment
VSCODE_AMD_ENTRYPOINT = vs/workbench/api/node/extensionHostProcess
# environment
HOME = /home/cv
# automatic
+D = $(patsubst %/,%,$(dir $+))
# environment
LESSCLOSE = /usr/bin/lesspipe %s %s
# environment
VSCODE_CODE_CACHE_PATH = /home/cv/.config/Code/CachedData/c3511e6c69bb39013c4a4b7b9566ec1ca73fc4d5
# environment
LOGNAME = cv
# environment
APPLICATION_INSIGHTS_NO_DIAGNOSTIC_CHANNEL = 1
# automatic
+F = $(notdir $+)
# environment
VSCODE_HANDLES_UNCAUGHT_ERRORS = true
# environment
GNOME_DESKTOP_SESSION_ID = this-is-deprecated
# automatic
^D = $(patsubst %/,%,$(dir $^))
# environment
LC_TIME = ru_RU.UTF-8
# default
MAKE = $(MAKE_COMMAND)
# default
MAKECMDGOALS := all
# environment
QT_IM_MODULE = ibus
# environment
SHLVL = 2
# environment
IM_CONFIG_PHASE = 2
# environment
VSCODE_IPC_HOOK_EXTHOST = /run/user/1000/vscode-ipc-ed959300-bee0-4c85-b717-0d49e932a40d.sock
# environment
COMPIZ_CONFIG_PROFILE = ubuntu
# default
MAKE_VERSION := 4.1
# environment
USER = cv
# environment
LC_MONETARY = ru_RU.UTF-8
# makefile
.DEFAULT_GOAL := 
# environment
XDG_CURRENT_DESKTOP = Unity
# environment
JETSON_CUDA_ARCH_BIN = 7.2
# environment
COMPIZ_BIN_PATH = /usr/bin/
# environment
MANAGERPID = 8683
# automatic
%D = $(patsubst %/,%,$(dir $%))
# environment
LC_TELEPHONE = ru_RU.UTF-8
# environment
JETSON_L4T_RELEASE = 32
# default
MAKE_COMMAND := make
# default
.VARIABLES := 
# automatic
*F = $(notdir $*)
# environment
VSCODE_IPC_HOOK = /run/user/1000/vscode-aba9b8b2-1.67.2-main.sock
# makefile
MAKEFLAGS = pqrR
# environment
MFLAGS = -pqrR
# automatic
*D = $(patsubst %/,%,$(dir $*))
# environment
GTK_CSD = 0
# environment
GDK_BACKEND = x11
# environment
LC_PAPER = ru_RU.UTF-8
# environment
JETSON_TENSORRT = 8.0.1.6
# automatic
%F = $(notdir $%)
# environment
JETSON_CODENAME = galen
# environment
QT_ACCESSIBILITY = 1
# environment
JETSON_VISIONWORKS = 1.6.0.501
# environment
JETSON_OPENCV_CUDA = NO
# environment
DEFAULTS_PATH = /usr/share/gconf/unity.default.path
# environment
VSCODE_PIPE_LOGGING = true
# environment
TEXTDOMAINDIR = /usr/share/locale/
# default
MAKEFILES := 
# environment
LC_NUMERIC = ru_RU.UTF-8
# automatic
<F = $(notdir $<)
# environment
LC_MEASUREMENT = ru_RU.UTF-8
# environment
JETSON_MODULE = P2888-0001
# environment
LC_ALL = C
# environment
JETSON_BOARDIDS = 
# environment
QT4_IM_MODULE = xim
# automatic
^F = $(notdir $^)
# default
SUFFIXES := 
# environment
CHROME_DESKTOP = code-url-handler.desktop
# environment
WINDOWPATH = 2
# default
.INCLUDE_DIRS = /usr/include /usr/local/include /usr/include
# environment
LC_IDENTIFICATION = ru_RU.UTF-8
# default
.RECIPEPREFIX := 
# environment
JETSON_SERIAL_NUMBER = 1425221029025
# environment
LC_ADDRESS = ru_RU.UTF-8
# environment
JETSON_MACHINE = NVIDIA Jetson AGX Xavier [16GB]
 
# environment
LANG = C
# environment
VSCODE_PID = 9662
# variable set hash-table stats:
# Load=136/1024=13%, Rehash=0, Collisions=23/158=15%

# Pattern-specific Variable Values

# No pattern-specific variable values.

# Directories

# . (device 45825, inode 558127): 6 files, no impossibilities.

# 6 files, no impossibilities in 1 directories.

# Implicit Rules

# No implicit rules.

# Files

# Not a target:
all:
#  Command line target.
#  Implicit rule search has been done.
#  File does not exist.
#  File has not been updated.

# Not a target:
Makefile:
#  Implicit rule search has been done.
#  File does not exist.
#  File has been updated.
#  Failed to be updated.

# Not a target:
makefile:
#  Implicit rule search has been done.
#  File does not exist.
#  File has been updated.
#  Failed to be updated.

# Not a target:
.DEFAULT:
#  Implicit rule search has not been done.
#  Modification time never checked.
#  File has not been updated.

# Not a target:
GNUmakefile:
#  Implicit rule search has been done.
#  File does not exist.
#  File has been updated.
#  Failed to be updated.

# files hash-table stats:
# Load=6/1024=1%, Rehash=0, Collisions=0/15=0%
# VPATH Search Paths

# No 'vpath' search paths.

# No general ('VPATH' variable) search path.

# strcache buffers: 1 (0) / strings = 14 / storage = 122 B / avg = 8 B
# current buf: size = 8162 B / used = 122 B / count = 14 / avg = 8 B

# strcache performance: lookups = 17 / hit rate = 17%
# hash-table stats:
# Load=14/8192=0%, Rehash=0, Collisions=1/17=6%
# Finished Make data base on Thu Jun  9 18:53:58 2022

 
